make                                                                                              2 ↵
go run main.go scram_client.go -brokers kafka-126f65ba-chiahsun-7adf.aivencloud.com:16014 -username avnadmin -passwd jpm5joa17pb5sgwj -algorithm plain -topic partition-3 -certificate ./avnadmin.cert -key ./avnadmin.key -ca ./ca.pem -mode consume -logmsg -sasl
Use SASL:  true
SASL algorithm:  plain
verifySSL:  false
TLS:  false
SASL config:  {true PLAIN 0 false avnadmin jpm5joa17pb5sgwj  <nil> <nil> {0      }}
TLS config:  {false <nil>}
verify:  false
Use TLS:  false
[Sarama] 2019/09/18 14:18:21 Initializing new client
[Sarama] 2019/09/18 14:18:21 client/metadata fetching metadata for all topics from broker kafka-126f65ba-chiahsun-7adf.aivencloud.com:16014
[Sarama] 2019/09/18 14:18:21 SASL authentication successful with broker kafka-126f65ba-chiahsun-7adf.aivencloud.com:16014:4 - [21 3 3 0]
[Sarama] 2019/09/18 14:18:21 Connected to broker at kafka-126f65ba-chiahsun-7adf.aivencloud.com:16014 (unregistered)
[Sarama] 2019/09/18 14:18:21 client/metadata got error from broker -1 while fetching metadata: unexpected EOF
[Sarama] 2019/09/18 14:18:21 Closed connection to broker kafka-126f65ba-chiahsun-7adf.aivencloud.com:16014
[Sarama] 2019/09/18 14:18:21 client/metadata no available broker to send metadata request to
[Sarama] 2019/09/18 14:18:21 client/brokers resurrecting 1 dead seed brokers
[Sarama] 2019/09/18 14:18:21 client/metadata retrying after 250ms... (3 attempts remaining)
[Sarama] 2019/09/18 14:18:21 client/metadata fetching metadata for all topics from broker kafka-126f65ba-chiahsun-7adf.aivencloud.com:16014
[Sarama] 2019/09/18 14:18:21 SASL authentication successful with broker kafka-126f65ba-chiahsun-7adf.aivencloud.com:16014:4 - [21 3 3 0]
[Sarama] 2019/09/18 14:18:21 Connected to broker at kafka-126f65ba-chiahsun-7adf.aivencloud.com:16014 (unregistered)
[Sarama] 2019/09/18 14:18:21 client/metadata got error from broker -1 while fetching metadata: unexpected EOF
[Sarama] 2019/09/18 14:18:21 Closed connection to broker kafka-126f65ba-chiahsun-7adf.aivencloud.com:16014
[Sarama] 2019/09/18 14:18:21 client/metadata no available broker to send metadata request to
[Sarama] 2019/09/18 14:18:21 client/brokers resurrecting 1 dead seed brokers
[Sarama] 2019/09/18 14:18:21 client/metadata retrying after 250ms... (2 attempts remaining)
[Sarama] 2019/09/18 14:18:21 client/metadata fetching metadata for all topics from broker kafka-126f65ba-chiahsun-7adf.aivencloud.com:16014
[Sarama] 2019/09/18 14:18:21 SASL authentication successful with broker kafka-126f65ba-chiahsun-7adf.aivencloud.com:16014:4 - [21 3 3 0]
[Sarama] 2019/09/18 14:18:21 Connected to broker at kafka-126f65ba-chiahsun-7adf.aivencloud.com:16014 (unregistered)
[Sarama] 2019/09/18 14:18:21 client/metadata got error from broker -1 while fetching metadata: unexpected EOF
[Sarama] 2019/09/18 14:18:21 Closed connection to broker kafka-126f65ba-chiahsun-7adf.aivencloud.com:16014
[Sarama] 2019/09/18 14:18:21 client/metadata no available broker to send metadata request to
[Sarama] 2019/09/18 14:18:21 client/brokers resurrecting 1 dead seed brokers
[Sarama] 2019/09/18 14:18:21 client/metadata retrying after 250ms... (1 attempts remaining)
[Sarama] 2019/09/18 14:18:22 client/metadata fetching metadata for all topics from broker kafka-126f65ba-chiahsun-7adf.aivencloud.com:16014
[Sarama] 2019/09/18 14:18:22 SASL authentication successful with broker kafka-126f65ba-chiahsun-7adf.aivencloud.com:16014:4 - [21 3 3 0]
[Sarama] 2019/09/18 14:18:22 Connected to broker at kafka-126f65ba-chiahsun-7adf.aivencloud.com:16014 (unregistered)
[Sarama] 2019/09/18 14:18:22 client/metadata got error from broker -1 while fetching metadata: unexpected EOF
[Sarama] 2019/09/18 14:18:22 Closed connection to broker kafka-126f65ba-chiahsun-7adf.aivencloud.com:16014
[Sarama] 2019/09/18 14:18:22 client/metadata no available broker to send metadata request to
[Sarama] 2019/09/18 14:18:22 client/brokers resurrecting 1 dead seed brokers
[Sarama] 2019/09/18 14:18:22 Closing Client
panic: kafka: client has run out of available brokers to talk to (Is your cluster reachable?)

goroutine 1 [running]:
main.main()
	/Users/chiahsun/git/aiven-kafka-demo/main.go:128 +0x13fc
exit status 2
make: *** [run-sasl-plain] Error 1
